C51 COMPILER V9.54   DS1302                                                                04/30/2019 13:32:15 PAGE 1   


C51 COMPILER V9.54, COMPILATION OF MODULE DS1302
OBJECT MODULE PLACED IN ds1302.OBJ
COMPILER INVOKED BY: H:\Keil\C51\BIN\C51.EXE ds1302.c BROWSE DEBUG OBJECTEXTEND

line level    source

   1          #include"ds1302.h"
   2          
   3          //---DS1302写入和读取时分秒的地址命令---//
   4          //---秒分时日月周年 最低位读写位;-------//
   5          uchar code READ_RTC_ADDR[3] = {0x81, 0x83, 0x85}; 
   6          uchar code WRITE_RTC_ADDR[3] = {0x80, 0x82, 0x84};
   7          
   8          
   9          //---DS1302时钟初始化2019年1月1日星期二12点00分00秒。---//
  10          //---存储顺序是秒分时日月周年,存储格式是用BCD码---//
  11          uchar TIME[7] = {0, 0, 0x12};
  12          
  13          /*******************************************************************************
  14          * 函 数 名         : Ds1302Write
  15          * 函数功能                 : 向DS1302命令（地址+数据）
  16          * 输    入         : addr,dat
  17          * 输    出         : 无
  18          *******************************************************************************/
  19          
  20          void Ds1302Write(uchar addr, uchar dat)
  21          {
  22   1              uchar n;
  23   1              RST = 0;
  24   1              _nop_();
  25   1      
  26   1              SCLK = 0;//先将SCLK置低电平。
  27   1              _nop_();
  28   1              RST = 1; //然后将RST(CE)置高电平。
  29   1              _nop_();
  30   1      
  31   1              for (n=0; n<8; n++)//开始传送八位地址命令
  32   1              {
  33   2                      DSIO = addr & 0x01;//数据从低位开始传送
  34   2                      addr >>= 1;
  35   2                      SCLK = 1;//数据在上升沿时，DS1302读取数据
  36   2                      _nop_();
  37   2                      SCLK = 0;
  38   2                      _nop_();
  39   2              }
  40   1              for (n=0; n<8; n++)//写入8位数据
  41   1              {
  42   2                      DSIO = dat & 0x01;
  43   2                      dat >>= 1;
  44   2                      SCLK = 1;//数据在上升沿时，DS1302读取数据
  45   2                      _nop_();
  46   2                      SCLK = 0;
  47   2                      _nop_();        
  48   2              }       
  49   1                       
  50   1              RST = 0;//传送数据结束
  51   1              _nop_();
  52   1      }
  53          
  54          /*******************************************************************************
  55          * 函 数 名         : Ds1302Read
C51 COMPILER V9.54   DS1302                                                                04/30/2019 13:32:15 PAGE 2   

  56          * 函数功能                 : 读取一个地址的数据
  57          * 输    入         : addr
  58          * 输    出         : dat
  59          *******************************************************************************/
  60          
  61          uchar Ds1302Read(uchar addr)
  62          {
  63   1              uchar n,dat,dat1;
  64   1              RST = 0;
  65   1              _nop_();
  66   1      
  67   1              SCLK = 0;//先将SCLK置低电平。
  68   1              _nop_();
  69   1              RST = 1;//然后将RST(CE)置高电平。
  70   1              _nop_();
  71   1      
  72   1              for(n=0; n<8; n++)//开始传送八位地址命令
  73   1              {
  74   2                      DSIO = addr & 0x01;//数据从低位开始传送
  75   2                      addr >>= 1;
  76   2                      SCLK = 1;//数据在上升沿时，DS1302读取数据
  77   2                      _nop_();
  78   2                      SCLK = 0;//DS1302下降沿时，放置数据
  79   2                      _nop_();
  80   2              }
  81   1              _nop_();
  82   1              for(n=0; n<8; n++)//读取8位数据
  83   1              {
  84   2                      dat1 = DSIO;//从最低位开始接收
  85   2                      dat = (dat>>1) | (dat1<<7);
  86   2                      SCLK = 1;
  87   2                      _nop_();
  88   2                      SCLK = 0;//DS1302下降沿时，放置数据
  89   2                      _nop_();
  90   2              }
  91   1      
  92   1              RST = 0;
  93   1              _nop_();        //以下为DS1302复位的稳定时间,必须的。
  94   1              SCLK = 1;
  95   1              _nop_();
  96   1              DSIO = 0;
  97   1              _nop_();
  98   1              DSIO = 1;
  99   1              _nop_();
 100   1              return dat;     
 101   1      }
 102          
 103          /*******************************************************************************
 104          * 函 数 名         : Ds1302Init
 105          * 函数功能                 : 初始化DS1302.
 106          * 输    入         : 无
 107          * 输    出         : 无
 108          *******************************************************************************/
 109          
 110          
 111          /*void Ds1302Init()
 112          {
 113                  uchar n;
 114                  Ds1302Write(0x8E,0X00);          //禁止写保护，就是关闭写保护功能
 115                  for (n=0; n<3; n++)//写入3个字节的时钟信号：分秒时
 116                  {
 117                          Ds1302Write(WRITE_RTC_ADDR[n],TIME[n]); 
C51 COMPILER V9.54   DS1302                                                                04/30/2019 13:32:15 PAGE 3   

 118                  }
 119                  Ds1302Write(0x8E,0x80);          //打开写保护功能
 120          } */
 121          
 122          
 123          /*******************************************************************************
 124          * 函 数 名         : Ds1302ReadTime
 125          * 函数功能                 : 读取时钟信息
 126          * 输    入         : 无
 127          * 输    出         : 无
 128          *******************************************************************************/
 129          
 130          void Ds1302ReadTime()
 131          {
 132   1              uchar n;
 133   1              for (n=0; n<3; n++)//读取3个字节的时钟信号：分秒时
 134   1              {
 135   2                      TIME[n] = Ds1302Read(READ_RTC_ADDR[n]);
 136   2              }
 137   1                      
 138   1      }
 139          
 140          


MODULE INFORMATION:   STATIC OVERLAYABLE
   CODE SIZE        =    149    ----
   CONSTANT SIZE    =      6    ----
   XDATA SIZE       =   ----    ----
   PDATA SIZE       =   ----    ----
   DATA SIZE        =      7    ----
   IDATA SIZE       =   ----    ----
   BIT SIZE         =   ----    ----
END OF MODULE INFORMATION.


C51 COMPILATION COMPLETE.  0 WARNING(S),  0 ERROR(S)
